SF:lib/src/controller_bootstrap.dart
DA:7,2
DA:9,2
DA:11,2
DA:12,2
DA:13,4
DA:14,2
DA:15,2
DA:16,2
DA:17,8
DA:18,6
DA:19,4
DA:20,4
DA:21,4
DA:22,6
DA:23,6
DA:25,8
DA:27,4
DA:28,6
DA:38,2
DA:39,8
DA:40,8
DA:41,10
LF:22
LH:22
end_of_record
SF:lib/src/scaffold_bootstrap.dart
DA:10,1
DA:14,1
DA:16,1
DA:17,1
DA:23,1
DA:25,4
DA:26,2
DA:27,1
DA:30,1
DA:31,2
DA:32,4
DA:33,1
DA:34,1
DA:35,5
DA:36,3
DA:37,4
DA:38,3
DA:40,1
DA:41,1
DA:45,1
DA:47,1
DA:48,2
DA:49,1
DA:50,3
DA:51,3
DA:52,1
DA:53,1
DA:54,1
DA:55,1
DA:58,2
LF:30
LH:30
end_of_record
SF:lib/src/models/component.dart
DA:13,3
DA:17,3
DA:20,3
DA:21,3
DA:22,3
DA:23,1
DA:27,1
DA:30,1
DA:32,1
DA:33,3
DA:34,3
DA:35,2
DA:38,1
DA:39,8
LF:14
LH:14
end_of_record
SF:lib/src/models/constraints_ext.dart
DA:5,1
DA:6,2
DA:8,4
DA:10,4
DA:12,2
LF:5
LH:5
end_of_record
SF:lib/src/models/screen.dart
DA:9,4
DA:16,1
DA:21,1
DA:22,1
DA:23,1
DA:24,2
DA:25,1
DA:26,2
DA:27,1
DA:28,2
DA:29,1
DA:30,2
LF:12
LH:12
end_of_record
SF:lib/src/models/organization.dart
DA:7,4
DA:12,1
DA:17,1
DA:18,1
DA:19,1
DA:23,1
DA:27,1
DA:28,3
DA:29,0
DA:32,1
DA:33,5
DA:37,2
DA:38,2
DA:39,2
DA:40,6
DA:41,2
DA:45,2
DA:46,2
DA:48,2
DA:50,2
LF:20
LH:19
end_of_record
